Analysis & Synthesis report for monociclo
Thu Nov 16 21:18:11 2023
Quartus Prime Version 20.1.1 Build 720 11/11/2020 SJ Lite Edition


---------------------
; Table of Contents ;
---------------------
  1. Legal Notice
  2. Analysis & Synthesis Summary
  3. Analysis & Synthesis Settings
  4. Parallel Compilation
  5. Analysis & Synthesis Source Files Read
  6. Analysis & Synthesis Resource Usage Summary
  7. Analysis & Synthesis Resource Utilization by Entity
  8. User-Specified and Inferred Latches
  9. General Register Statistics
 10. Multiplexer Restructuring Statistics (Restructuring Performed)
 11. Port Connectivity Checks: "divisor50mhz:div50_u0"
 12. Post-Synthesis Netlist Statistics for Top Partition
 13. Elapsed Time Per Partition
 14. Analysis & Synthesis Messages



----------------
; Legal Notice ;
----------------
Copyright (C) 2020  Intel Corporation. All rights reserved.
Your use of Intel Corporation's design tools, logic functions 
and other software and tools, and any partner logic 
functions, and any output files from any of the foregoing 
(including device programming or simulation files), and any 
associated documentation or information are expressly subject 
to the terms and conditions of the Intel Program License 
Subscription Agreement, the Intel Quartus Prime License Agreement,
the Intel FPGA IP License Agreement, or other applicable license
agreement, including, without limitation, that your use is for
the sole purpose of programming logic devices manufactured by
Intel and sold by Intel or its authorized distributors.  Please
refer to the applicable agreement for further details, at
https://fpgasoftware.intel.com/eula.



+----------------------------------------------------------------------------------+
; Analysis & Synthesis Summary                                                     ;
+------------------------------------+---------------------------------------------+
; Analysis & Synthesis Status        ; Successful - Thu Nov 16 21:18:11 2023       ;
; Quartus Prime Version              ; 20.1.1 Build 720 11/11/2020 SJ Lite Edition ;
; Revision Name                      ; monociclo                                   ;
; Top-level Entity Name              ; aluctrl_fpga                                ;
; Family                             ; Cyclone IV E                                ;
; Total logic elements               ; 32                                          ;
;     Total combinational functions  ; 32                                          ;
;     Dedicated logic registers      ; 0                                           ;
; Total registers                    ; 0                                           ;
; Total pins                         ; 18                                          ;
; Total virtual pins                 ; 0                                           ;
; Total memory bits                  ; 0                                           ;
; Embedded Multiplier 9-bit elements ; 0                                           ;
; Total PLLs                         ; 0                                           ;
+------------------------------------+---------------------------------------------+


+------------------------------------------------------------------------------------------------------------+
; Analysis & Synthesis Settings                                                                              ;
+------------------------------------------------------------------+--------------------+--------------------+
; Option                                                           ; Setting            ; Default Value      ;
+------------------------------------------------------------------+--------------------+--------------------+
; Device                                                           ; EP4CE115F29C7      ;                    ;
; Top-level entity name                                            ; aluctrl_fpga       ; monociclo          ;
; Family name                                                      ; Cyclone IV E       ; Cyclone V          ;
; Use smart compilation                                            ; Off                ; Off                ;
; Enable parallel Assembler and Timing Analyzer during compilation ; On                 ; On                 ;
; Enable compact report table                                      ; Off                ; Off                ;
; Restructure Multiplexers                                         ; Auto               ; Auto               ;
; Create Debugging Nodes for IP Cores                              ; Off                ; Off                ;
; Preserve fewer node names                                        ; On                 ; On                 ;
; Intel FPGA IP Evaluation Mode                                    ; Enable             ; Enable             ;
; Verilog Version                                                  ; Verilog_2001       ; Verilog_2001       ;
; VHDL Version                                                     ; VHDL_1993          ; VHDL_1993          ;
; State Machine Processing                                         ; Auto               ; Auto               ;
; Safe State Machine                                               ; Off                ; Off                ;
; Extract Verilog State Machines                                   ; On                 ; On                 ;
; Extract VHDL State Machines                                      ; On                 ; On                 ;
; Ignore Verilog initial constructs                                ; Off                ; Off                ;
; Iteration limit for constant Verilog loops                       ; 5000               ; 5000               ;
; Iteration limit for non-constant Verilog loops                   ; 250                ; 250                ;
; Add Pass-Through Logic to Inferred RAMs                          ; On                 ; On                 ;
; Infer RAMs from Raw Logic                                        ; On                 ; On                 ;
; Parallel Synthesis                                               ; On                 ; On                 ;
; DSP Block Balancing                                              ; Auto               ; Auto               ;
; NOT Gate Push-Back                                               ; On                 ; On                 ;
; Power-Up Don't Care                                              ; On                 ; On                 ;
; Remove Redundant Logic Cells                                     ; Off                ; Off                ;
; Remove Duplicate Registers                                       ; On                 ; On                 ;
; Ignore CARRY Buffers                                             ; Off                ; Off                ;
; Ignore CASCADE Buffers                                           ; Off                ; Off                ;
; Ignore GLOBAL Buffers                                            ; Off                ; Off                ;
; Ignore ROW GLOBAL Buffers                                        ; Off                ; Off                ;
; Ignore LCELL Buffers                                             ; Off                ; Off                ;
; Ignore SOFT Buffers                                              ; On                 ; On                 ;
; Limit AHDL Integers to 32 Bits                                   ; Off                ; Off                ;
; Optimization Technique                                           ; Balanced           ; Balanced           ;
; Carry Chain Length                                               ; 70                 ; 70                 ;
; Auto Carry Chains                                                ; On                 ; On                 ;
; Auto Open-Drain Pins                                             ; On                 ; On                 ;
; Perform WYSIWYG Primitive Resynthesis                            ; Off                ; Off                ;
; Auto ROM Replacement                                             ; On                 ; On                 ;
; Auto RAM Replacement                                             ; On                 ; On                 ;
; Auto DSP Block Replacement                                       ; On                 ; On                 ;
; Auto Shift Register Replacement                                  ; Auto               ; Auto               ;
; Allow Shift Register Merging across Hierarchies                  ; Auto               ; Auto               ;
; Auto Clock Enable Replacement                                    ; On                 ; On                 ;
; Strict RAM Replacement                                           ; Off                ; Off                ;
; Allow Synchronous Control Signals                                ; On                 ; On                 ;
; Force Use of Synchronous Clear Signals                           ; Off                ; Off                ;
; Auto RAM Block Balancing                                         ; On                 ; On                 ;
; Auto RAM to Logic Cell Conversion                                ; Off                ; Off                ;
; Auto Resource Sharing                                            ; Off                ; Off                ;
; Allow Any RAM Size For Recognition                               ; Off                ; Off                ;
; Allow Any ROM Size For Recognition                               ; Off                ; Off                ;
; Allow Any Shift Register Size For Recognition                    ; Off                ; Off                ;
; Use LogicLock Constraints during Resource Balancing              ; On                 ; On                 ;
; Ignore translate_off and synthesis_off directives                ; Off                ; Off                ;
; Timing-Driven Synthesis                                          ; On                 ; On                 ;
; Report Parameter Settings                                        ; On                 ; On                 ;
; Report Source Assignments                                        ; On                 ; On                 ;
; Report Connectivity Checks                                       ; On                 ; On                 ;
; Ignore Maximum Fan-Out Assignments                               ; Off                ; Off                ;
; Synchronization Register Chain Length                            ; 2                  ; 2                  ;
; Power Optimization During Synthesis                              ; Normal compilation ; Normal compilation ;
; HDL message level                                                ; Level2             ; Level2             ;
; Suppress Register Optimization Related Messages                  ; Off                ; Off                ;
; Number of Removed Registers Reported in Synthesis Report         ; 5000               ; 5000               ;
; Number of Swept Nodes Reported in Synthesis Report               ; 5000               ; 5000               ;
; Number of Inverted Registers Reported in Synthesis Report        ; 100                ; 100                ;
; Clock MUX Protection                                             ; On                 ; On                 ;
; Auto Gated Clock Conversion                                      ; Off                ; Off                ;
; Block Design Naming                                              ; Auto               ; Auto               ;
; SDC constraint protection                                        ; Off                ; Off                ;
; Synthesis Effort                                                 ; Auto               ; Auto               ;
; Shift Register Replacement - Allow Asynchronous Clear Signal     ; On                 ; On                 ;
; Pre-Mapping Resynthesis Optimization                             ; Off                ; Off                ;
; Analysis & Synthesis Message Level                               ; Medium             ; Medium             ;
; Disable Register Merging Across Hierarchies                      ; Auto               ; Auto               ;
; Resource Aware Inference For Block RAM                           ; On                 ; On                 ;
+------------------------------------------------------------------+--------------------+--------------------+


+------------------------------------------+
; Parallel Compilation                     ;
+----------------------------+-------------+
; Processors                 ; Number      ;
+----------------------------+-------------+
; Number detected on machine ; 8           ;
; Maximum allowed            ; 4           ;
;                            ;             ;
; Average used               ; 1.00        ;
; Maximum used               ; 4           ;
;                            ;             ;
; Usage by Processor         ; % Time Used ;
;     Processor 1            ; 100.0%      ;
;     Processors 2-4         ;   0.0%      ;
+----------------------------+-------------+


+-----------------------------------------------------------------------------------------------------------------------------------------------------------------------+
; Analysis & Synthesis Source Files Read                                                                                                                                ;
+----------------------------------+-----------------+------------------------+-------------------------------------------------------------------------------+---------+
; File Name with User-Entered Path ; Used in Netlist ; File Type              ; File Name with Absolute Path                                                  ; Library ;
+----------------------------------+-----------------+------------------------+-------------------------------------------------------------------------------+---------+
; fpga/divisor50mhz.v              ; yes             ; User Verilog HDL File  ; C:/Users/bdvth/OneDrive/Escritorio/Arquitectura/monociclo/fpga/divisor50mhz.v ;         ;
; fpga/disp7segs.v                 ; yes             ; User Verilog HDL File  ; C:/Users/bdvth/OneDrive/Escritorio/Arquitectura/monociclo/fpga/disp7segs.v    ;         ;
; aluctrl/aluctrl.v                ; yes             ; User Verilog HDL File  ; C:/Users/bdvth/OneDrive/Escritorio/Arquitectura/monociclo/aluctrl/aluctrl.v   ;         ;
; aluctrl_fpga.v                   ; yes             ; User Verilog HDL File  ; C:/Users/bdvth/OneDrive/Escritorio/Arquitectura/monociclo/aluctrl_fpga.v      ;         ;
+----------------------------------+-----------------+------------------------+-------------------------------------------------------------------------------+---------+


+-----------------------------------------------------------------+
; Analysis & Synthesis Resource Usage Summary                     ;
+---------------------------------------------+-------------------+
; Resource                                    ; Usage             ;
+---------------------------------------------+-------------------+
; Estimated Total logic elements              ; 32                ;
;                                             ;                   ;
; Total combinational functions               ; 32                ;
; Logic element usage by number of LUT inputs ;                   ;
;     -- 4 input functions                    ; 23                ;
;     -- 3 input functions                    ; 8                 ;
;     -- <=2 input functions                  ; 1                 ;
;                                             ;                   ;
; Logic elements by mode                      ;                   ;
;     -- normal mode                          ; 32                ;
;     -- arithmetic mode                      ; 0                 ;
;                                             ;                   ;
; Total registers                             ; 0                 ;
;     -- Dedicated logic registers            ; 0                 ;
;     -- I/O registers                        ; 0                 ;
;                                             ;                   ;
; I/O pins                                    ; 18                ;
;                                             ;                   ;
; Embedded Multiplier 9-bit elements          ; 0                 ;
;                                             ;                   ;
; Maximum fan-out node                        ; sw_opcode_3~input ;
; Maximum fan-out                             ; 10                ;
; Total fan-out                               ; 143               ;
; Average fan-out                             ; 2.10              ;
+---------------------------------------------+-------------------+


+------------------------------------------------------------------------------------------------------------------------------------------------------------------------------------------------------------------------+
; Analysis & Synthesis Resource Utilization by Entity                                                                                                                                                                    ;
+----------------------------+---------------------+---------------------------+-------------+--------------+---------+-----------+------+--------------+----------------------------------+--------------+--------------+
; Compilation Hierarchy Node ; Combinational ALUTs ; Dedicated Logic Registers ; Memory Bits ; DSP Elements ; DSP 9x9 ; DSP 18x18 ; Pins ; Virtual Pins ; Full Hierarchy Name              ; Entity Name  ; Library Name ;
+----------------------------+---------------------+---------------------------+-------------+--------------+---------+-----------+------+--------------+----------------------------------+--------------+--------------+
; |aluctrl_fpga              ; 32 (0)              ; 0 (0)                     ; 0           ; 0            ; 0       ; 0         ; 18   ; 0            ; |aluctrl_fpga                    ; aluctrl_fpga ; work         ;
;    |aluctrl:aluctrl_u0|    ; 25 (25)             ; 0 (0)                     ; 0           ; 0            ; 0       ; 0         ; 0    ; 0            ; |aluctrl_fpga|aluctrl:aluctrl_u0 ; aluctrl      ; work         ;
;    |disp7segs:disp_0|      ; 7 (7)               ; 0 (0)                     ; 0           ; 0            ; 0       ; 0         ; 0    ; 0            ; |aluctrl_fpga|disp7segs:disp_0   ; disp7segs    ; work         ;
+----------------------------+---------------------+---------------------------+-------------+--------------+---------+-----------+------+--------------+----------------------------------+--------------+--------------+
Note: For table entries with two numbers listed, the numbers in parentheses indicate the number of resources of the given type used by the specific entity alone. The numbers listed outside of parentheses indicate the total resources of the given type used by the specific entity and all of its sub-entities in the hierarchy.


+------------------------------------------------------------------------------------------------------------+
; User-Specified and Inferred Latches                                                                        ;
+----------------------------------------------------+------------------------------+------------------------+
; Latch Name                                         ; Latch Enable Signal          ; Free of Timing Hazards ;
+----------------------------------------------------+------------------------------+------------------------+
; aluctrl:aluctrl_u0|aluoperacion_o[0]               ; aluctrl:aluctrl_u0|Selector5 ; yes                    ;
; aluctrl:aluctrl_u0|aluoperacion_o[1]               ; aluctrl:aluctrl_u0|Selector5 ; yes                    ;
; aluctrl:aluctrl_u0|aluoperacion_o[2]               ; aluctrl:aluctrl_u0|Selector5 ; yes                    ;
; aluctrl:aluctrl_u0|aluoperacion_o[3]               ; aluctrl:aluctrl_u0|Selector5 ; yes                    ;
; Number of user-specified and inferred latches = 4  ;                              ;                        ;
+----------------------------------------------------+------------------------------+------------------------+
Note: All latches listed above may not be present at the end of synthesis due to various synthesis optimizations.


+------------------------------------------------------+
; General Register Statistics                          ;
+----------------------------------------------+-------+
; Statistic                                    ; Value ;
+----------------------------------------------+-------+
; Total registers                              ; 0     ;
; Number of registers using Synchronous Clear  ; 0     ;
; Number of registers using Synchronous Load   ; 0     ;
; Number of registers using Asynchronous Clear ; 0     ;
; Number of registers using Asynchronous Load  ; 0     ;
; Number of registers using Clock Enable       ; 0     ;
; Number of registers using Preset             ; 0     ;
+----------------------------------------------+-------+


+----------------------------------------------------------------------------------------------------------------------------------------------------------+
; Multiplexer Restructuring Statistics (Restructuring Performed)                                                                                           ;
+--------------------+-----------+---------------+----------------------+------------------------+------------+--------------------------------------------+
; Multiplexer Inputs ; Bus Width ; Baseline Area ; Area if Restructured ; Saving if Restructured ; Registered ; Example Multiplexer Output                 ;
+--------------------+-----------+---------------+----------------------+------------------------+------------+--------------------------------------------+
; 40:1               ; 2 bits    ; 52 LEs        ; 16 LEs               ; 36 LEs                 ; No         ; |aluctrl_fpga|aluctrl:aluctrl_u0|Selector4 ;
+--------------------+-----------+---------------+----------------------+------------------------+------------+--------------------------------------------+


+--------------------------------------------------------------------------------------------------------------------+
; Port Connectivity Checks: "divisor50mhz:div50_u0"                                                                  ;
+----------+--------+----------+-------------------------------------------------------------------------------------+
; Port     ; Type   ; Severity ; Details                                                                             ;
+----------+--------+----------+-------------------------------------------------------------------------------------+
; clk1hz_o ; Output ; Info     ; Connected to dangling logic. Logic that only feeds a dangling port will be removed. ;
+----------+--------+----------+-------------------------------------------------------------------------------------+


+-----------------------------------------------------+
; Post-Synthesis Netlist Statistics for Top Partition ;
+-----------------------+-----------------------------+
; Type                  ; Count                       ;
+-----------------------+-----------------------------+
; boundary_port         ; 18                          ;
; cycloneiii_lcell_comb ; 32                          ;
;     normal            ; 32                          ;
;         2 data inputs ; 1                           ;
;         3 data inputs ; 8                           ;
;         4 data inputs ; 23                          ;
;                       ;                             ;
; Max LUT depth         ; 4.00                        ;
; Average LUT depth     ; 2.96                        ;
+-----------------------+-----------------------------+


+-------------------------------+
; Elapsed Time Per Partition    ;
+----------------+--------------+
; Partition Name ; Elapsed Time ;
+----------------+--------------+
; Top            ; 00:00:01     ;
+----------------+--------------+


+-------------------------------+
; Analysis & Synthesis Messages ;
+-------------------------------+
Info: *******************************************************************
Info: Running Quartus Prime Analysis & Synthesis
    Info: Version 20.1.1 Build 720 11/11/2020 SJ Lite Edition
    Info: Processing started: Thu Nov 16 21:17:56 2023
Info: Command: quartus_map --read_settings_files=on --write_settings_files=off monociclo -c monociclo
Warning (18236): Number of processors has not been specified which may cause overloading on shared machines.  Set the global assignment NUM_PARALLEL_PROCESSORS in your QSF to an appropriate value for best performance.
Info (20030): Parallel compilation is enabled and will use 4 of the 4 processors detected
Info (12021): Found 1 design units, including 1 entities, in source file fpga/divisor50mhz.v
    Info (12023): Found entity 1: divisor50mhz File: C:/Users/bdvth/OneDrive/Escritorio/Arquitectura/monociclo/fpga/divisor50mhz.v Line: 1
Info (12021): Found 1 design units, including 1 entities, in source file fpga/disp7segs.v
    Info (12023): Found entity 1: disp7segs File: C:/Users/bdvth/OneDrive/Escritorio/Arquitectura/monociclo/fpga/disp7segs.v Line: 1
Info (12021): Found 1 design units, including 1 entities, in source file fpga/alu_fpga.v
    Info (12023): Found entity 1: alu_fpga File: C:/Users/bdvth/OneDrive/Escritorio/Arquitectura/monociclo/fpga/alu_fpga.v Line: 1
Info (12021): Found 2 design units, including 2 entities, in source file alu/sumador/fulladder.v
    Info (12023): Found entity 1: fulladder File: C:/Users/bdvth/OneDrive/Escritorio/Arquitectura/monociclo/alu/sumador/fulladder.v Line: 1
    Info (12023): Found entity 2: fulladder_tb File: C:/Users/bdvth/OneDrive/Escritorio/Arquitectura/monociclo/alu/sumador/fulladder.v Line: 35
Info (12021): Found 1 design units, including 1 entities, in source file alu/alun.v
    Info (12023): Found entity 1: aluN File: C:/Users/bdvth/OneDrive/Escritorio/Arquitectura/monociclo/alu/aluN.v Line: 1
Info (12021): Found 1 design units, including 1 entities, in source file alu/alu.v
    Info (12023): Found entity 1: alu File: C:/Users/bdvth/OneDrive/Escritorio/Arquitectura/monociclo/alu/alu.v Line: 1
Info (12021): Found 1 design units, including 1 entities, in source file monociclo.v
    Info (12023): Found entity 1: monociclo File: C:/Users/bdvth/OneDrive/Escritorio/Arquitectura/monociclo/monociclo.v Line: 1
Info (12021): Found 1 design units, including 1 entities, in source file icache/icache.v
    Info (12023): Found entity 1: ichache File: C:/Users/bdvth/OneDrive/Escritorio/Arquitectura/monociclo/icache/icache.v Line: 1
Info (12021): Found 1 design units, including 1 entities, in source file decode/decode.v
    Info (12023): Found entity 1: decode File: C:/Users/bdvth/OneDrive/Escritorio/Arquitectura/monociclo/decode/decode.v Line: 1
Info (12021): Found 1 design units, including 1 entities, in source file regfile/registerfile.v
    Info (12023): Found entity 1: registerfile File: C:/Users/bdvth/OneDrive/Escritorio/Arquitectura/monociclo/regfile/registerfile.v Line: 1
Info (12021): Found 1 design units, including 1 entities, in source file dcache/dcache.v
    Info (12023): Found entity 1: dchache File: C:/Users/bdvth/OneDrive/Escritorio/Arquitectura/monociclo/dcache/dcache.v Line: 1
Info (12021): Found 1 design units, including 1 entities, in source file signextend/signextend.v
    Info (12023): Found entity 1: SignExtend File: C:/Users/bdvth/OneDrive/Escritorio/Arquitectura/monociclo/SignExtend/SignExtend.v Line: 1
Info (12021): Found 1 design units, including 1 entities, in source file alu/flagdetector.v
    Info (12023): Found entity 1: flagdetector File: C:/Users/bdvth/OneDrive/Escritorio/Arquitectura/monociclo/alu/flagdetector.v Line: 1
Info (12021): Found 1 design units, including 1 entities, in source file monociclo_fpga.v
    Info (12023): Found entity 1: monociclo_fpga File: C:/Users/bdvth/OneDrive/Escritorio/Arquitectura/monociclo/monociclo_fpga.v Line: 1
Info (12021): Found 1 design units, including 1 entities, in source file aluctrl/aluctrl.v
    Info (12023): Found entity 1: aluctrl File: C:/Users/bdvth/OneDrive/Escritorio/Arquitectura/monociclo/aluctrl/aluctrl.v Line: 1
Info (12021): Found 1 design units, including 1 entities, in source file aluctrl_fpga.v
    Info (12023): Found entity 1: aluctrl_fpga File: C:/Users/bdvth/OneDrive/Escritorio/Arquitectura/monociclo/aluctrl_fpga.v Line: 1
Warning (10236): Verilog HDL Implicit Net warning at monociclo.v(145): created implicit net for "c_o" File: C:/Users/bdvth/OneDrive/Escritorio/Arquitectura/monociclo/monociclo.v Line: 145
Critical Warning (10846): Verilog HDL Instantiation warning at monociclo.v(131): instance has no name File: C:/Users/bdvth/OneDrive/Escritorio/Arquitectura/monociclo/monociclo.v Line: 131
Info (12127): Elaborating entity "aluctrl_fpga" for the top level hierarchy
Info (12128): Elaborating entity "divisor50mhz" for hierarchy "divisor50mhz:div50_u0" File: C:/Users/bdvth/OneDrive/Escritorio/Arquitectura/monociclo/aluctrl_fpga.v Line: 27
Info (12128): Elaborating entity "aluctrl" for hierarchy "aluctrl:aluctrl_u0" File: C:/Users/bdvth/OneDrive/Escritorio/Arquitectura/monociclo/aluctrl_fpga.v Line: 35
Warning (10272): Verilog HDL Case Statement warning at aluctrl.v(34): case item expression covers a value already covered by a previous case item File: C:/Users/bdvth/OneDrive/Escritorio/Arquitectura/monociclo/aluctrl/aluctrl.v Line: 34
Warning (10270): Verilog HDL Case Statement warning at aluctrl.v(15): incomplete case statement has no default case item File: C:/Users/bdvth/OneDrive/Escritorio/Arquitectura/monociclo/aluctrl/aluctrl.v Line: 15
Warning (10270): Verilog HDL Case Statement warning at aluctrl.v(72): incomplete case statement has no default case item File: C:/Users/bdvth/OneDrive/Escritorio/Arquitectura/monociclo/aluctrl/aluctrl.v Line: 72
Warning (10240): Verilog HDL Always Construct warning at aluctrl.v(12): inferring latch(es) for variable "aluoperacion_o", which holds its previous value in one or more paths through the always construct File: C:/Users/bdvth/OneDrive/Escritorio/Arquitectura/monociclo/aluctrl/aluctrl.v Line: 12
Info (10041): Inferred latch for "aluoperacion_o[0]" at aluctrl.v(12) File: C:/Users/bdvth/OneDrive/Escritorio/Arquitectura/monociclo/aluctrl/aluctrl.v Line: 12
Info (10041): Inferred latch for "aluoperacion_o[1]" at aluctrl.v(12) File: C:/Users/bdvth/OneDrive/Escritorio/Arquitectura/monociclo/aluctrl/aluctrl.v Line: 12
Info (10041): Inferred latch for "aluoperacion_o[2]" at aluctrl.v(12) File: C:/Users/bdvth/OneDrive/Escritorio/Arquitectura/monociclo/aluctrl/aluctrl.v Line: 12
Info (10041): Inferred latch for "aluoperacion_o[3]" at aluctrl.v(12) File: C:/Users/bdvth/OneDrive/Escritorio/Arquitectura/monociclo/aluctrl/aluctrl.v Line: 12
Info (12128): Elaborating entity "disp7segs" for hierarchy "disp7segs:disp_0" File: C:/Users/bdvth/OneDrive/Escritorio/Arquitectura/monociclo/aluctrl_fpga.v Line: 43
Warning (13012): Latch aluctrl:aluctrl_u0|aluoperacion_o[0] has unsafe behavior File: C:/Users/bdvth/OneDrive/Escritorio/Arquitectura/monociclo/aluctrl/aluctrl.v Line: 12
    Warning (13013): Ports D and ENA on the latch are fed by the same signal sw_opcode_0 File: C:/Users/bdvth/OneDrive/Escritorio/Arquitectura/monociclo/aluctrl_fpga.v Line: 5
Warning (13012): Latch aluctrl:aluctrl_u0|aluoperacion_o[1] has unsafe behavior File: C:/Users/bdvth/OneDrive/Escritorio/Arquitectura/monociclo/aluctrl/aluctrl.v Line: 12
    Warning (13013): Ports D and ENA on the latch are fed by the same signal sw_opcode_0 File: C:/Users/bdvth/OneDrive/Escritorio/Arquitectura/monociclo/aluctrl_fpga.v Line: 5
Warning (13012): Latch aluctrl:aluctrl_u0|aluoperacion_o[2] has unsafe behavior File: C:/Users/bdvth/OneDrive/Escritorio/Arquitectura/monociclo/aluctrl/aluctrl.v Line: 12
    Warning (13013): Ports D and ENA on the latch are fed by the same signal sw_opcode_0 File: C:/Users/bdvth/OneDrive/Escritorio/Arquitectura/monociclo/aluctrl_fpga.v Line: 5
Warning (13012): Latch aluctrl:aluctrl_u0|aluoperacion_o[3] has unsafe behavior File: C:/Users/bdvth/OneDrive/Escritorio/Arquitectura/monociclo/aluctrl/aluctrl.v Line: 12
    Warning (13013): Ports D and ENA on the latch are fed by the same signal sw_opcode_0 File: C:/Users/bdvth/OneDrive/Escritorio/Arquitectura/monociclo/aluctrl_fpga.v Line: 5
Info (286030): Timing-Driven Synthesis is running
Info (16010): Generating hard_block partition "hard_block:auto_generated_inst"
    Info (16011): Adding 0 node(s), including 0 DDIO, 0 PLL, 0 transceiver and 0 LCELL
Warning (21074): Design contains 2 input pin(s) that do not drive logic
    Warning (15610): No output dependent on input pin "clk_i" File: C:/Users/bdvth/OneDrive/Escritorio/Arquitectura/monociclo/aluctrl_fpga.v Line: 3
    Warning (15610): No output dependent on input pin "rst_ni" File: C:/Users/bdvth/OneDrive/Escritorio/Arquitectura/monociclo/aluctrl_fpga.v Line: 4
Info (21057): Implemented 50 device resources after synthesis - the final resource count might be different
    Info (21058): Implemented 11 input pins
    Info (21059): Implemented 7 output pins
    Info (21061): Implemented 32 logic cells
Info: Quartus Prime Analysis & Synthesis was successful. 0 errors, 18 warnings
    Info: Peak virtual memory: 4791 megabytes
    Info: Processing ended: Thu Nov 16 21:18:11 2023
    Info: Elapsed time: 00:00:15
    Info: Total CPU time (on all processors): 00:00:21


