Analysis & Synthesis report for monociclo
Thu Oct 19 00:47:16 2023
Quartus Prime Version 20.1.1 Build 720 11/11/2020 SJ Lite Edition


---------------------
; Table of Contents ;
---------------------
  1. Legal Notice
  2. Analysis & Synthesis Summary
  3. Analysis & Synthesis Settings
  4. Parallel Compilation
  5. Analysis & Synthesis Source Files Read
  6. Analysis & Synthesis Resource Usage Summary
  7. Analysis & Synthesis Resource Utilization by Entity
  8. Registers Removed During Synthesis
  9. General Register Statistics
 10. Post-Synthesis Netlist Statistics for Top Partition
 11. Elapsed Time Per Partition
 12. Analysis & Synthesis Messages



----------------
; Legal Notice ;
----------------
Copyright (C) 2020  Intel Corporation. All rights reserved.
Your use of Intel Corporation's design tools, logic functions 
and other software and tools, and any partner logic 
functions, and any output files from any of the foregoing 
(including device programming or simulation files), and any 
associated documentation or information are expressly subject 
to the terms and conditions of the Intel Program License 
Subscription Agreement, the Intel Quartus Prime License Agreement,
the Intel FPGA IP License Agreement, or other applicable license
agreement, including, without limitation, that your use is for
the sole purpose of programming logic devices manufactured by
Intel and sold by Intel or its authorized distributors.  Please
refer to the applicable agreement for further details, at
https://fpgasoftware.intel.com/eula.



+----------------------------------------------------------------------------------+
; Analysis & Synthesis Summary                                                     ;
+------------------------------------+---------------------------------------------+
; Analysis & Synthesis Status        ; Successful - Thu Oct 19 00:47:16 2023       ;
; Quartus Prime Version              ; 20.1.1 Build 720 11/11/2020 SJ Lite Edition ;
; Revision Name                      ; monociclo                                   ;
; Top-level Entity Name              ; monociclo_fpga                              ;
; Family                             ; Cyclone IV E                                ;
; Total logic elements               ; 131                                         ;
;     Total combinational functions  ; 131                                         ;
;     Dedicated logic registers      ; 8                                           ;
; Total registers                    ; 8                                           ;
; Total pins                         ; 58                                          ;
; Total virtual pins                 ; 0                                           ;
; Total memory bits                  ; 0                                           ;
; Embedded Multiplier 9-bit elements ; 0                                           ;
; Total PLLs                         ; 0                                           ;
+------------------------------------+---------------------------------------------+


+------------------------------------------------------------------------------------------------------------+
; Analysis & Synthesis Settings                                                                              ;
+------------------------------------------------------------------+--------------------+--------------------+
; Option                                                           ; Setting            ; Default Value      ;
+------------------------------------------------------------------+--------------------+--------------------+
; Device                                                           ; EP4CE115F29C7      ;                    ;
; Top-level entity name                                            ; monociclo_fpga     ; monociclo          ;
; Family name                                                      ; Cyclone IV E       ; Cyclone V          ;
; Use smart compilation                                            ; Off                ; Off                ;
; Enable parallel Assembler and Timing Analyzer during compilation ; On                 ; On                 ;
; Enable compact report table                                      ; Off                ; Off                ;
; Restructure Multiplexers                                         ; Auto               ; Auto               ;
; Create Debugging Nodes for IP Cores                              ; Off                ; Off                ;
; Preserve fewer node names                                        ; On                 ; On                 ;
; Intel FPGA IP Evaluation Mode                                    ; Enable             ; Enable             ;
; Verilog Version                                                  ; Verilog_2001       ; Verilog_2001       ;
; VHDL Version                                                     ; VHDL_1993          ; VHDL_1993          ;
; State Machine Processing                                         ; Auto               ; Auto               ;
; Safe State Machine                                               ; Off                ; Off                ;
; Extract Verilog State Machines                                   ; On                 ; On                 ;
; Extract VHDL State Machines                                      ; On                 ; On                 ;
; Ignore Verilog initial constructs                                ; Off                ; Off                ;
; Iteration limit for constant Verilog loops                       ; 5000               ; 5000               ;
; Iteration limit for non-constant Verilog loops                   ; 250                ; 250                ;
; Add Pass-Through Logic to Inferred RAMs                          ; On                 ; On                 ;
; Infer RAMs from Raw Logic                                        ; On                 ; On                 ;
; Parallel Synthesis                                               ; On                 ; On                 ;
; DSP Block Balancing                                              ; Auto               ; Auto               ;
; NOT Gate Push-Back                                               ; On                 ; On                 ;
; Power-Up Don't Care                                              ; On                 ; On                 ;
; Remove Redundant Logic Cells                                     ; Off                ; Off                ;
; Remove Duplicate Registers                                       ; On                 ; On                 ;
; Ignore CARRY Buffers                                             ; Off                ; Off                ;
; Ignore CASCADE Buffers                                           ; Off                ; Off                ;
; Ignore GLOBAL Buffers                                            ; Off                ; Off                ;
; Ignore ROW GLOBAL Buffers                                        ; Off                ; Off                ;
; Ignore LCELL Buffers                                             ; Off                ; Off                ;
; Ignore SOFT Buffers                                              ; On                 ; On                 ;
; Limit AHDL Integers to 32 Bits                                   ; Off                ; Off                ;
; Optimization Technique                                           ; Balanced           ; Balanced           ;
; Carry Chain Length                                               ; 70                 ; 70                 ;
; Auto Carry Chains                                                ; On                 ; On                 ;
; Auto Open-Drain Pins                                             ; On                 ; On                 ;
; Perform WYSIWYG Primitive Resynthesis                            ; Off                ; Off                ;
; Auto ROM Replacement                                             ; On                 ; On                 ;
; Auto RAM Replacement                                             ; On                 ; On                 ;
; Auto DSP Block Replacement                                       ; On                 ; On                 ;
; Auto Shift Register Replacement                                  ; Auto               ; Auto               ;
; Allow Shift Register Merging across Hierarchies                  ; Auto               ; Auto               ;
; Auto Clock Enable Replacement                                    ; On                 ; On                 ;
; Strict RAM Replacement                                           ; Off                ; Off                ;
; Allow Synchronous Control Signals                                ; On                 ; On                 ;
; Force Use of Synchronous Clear Signals                           ; Off                ; Off                ;
; Auto RAM Block Balancing                                         ; On                 ; On                 ;
; Auto RAM to Logic Cell Conversion                                ; Off                ; Off                ;
; Auto Resource Sharing                                            ; Off                ; Off                ;
; Allow Any RAM Size For Recognition                               ; Off                ; Off                ;
; Allow Any ROM Size For Recognition                               ; Off                ; Off                ;
; Allow Any Shift Register Size For Recognition                    ; Off                ; Off                ;
; Use LogicLock Constraints during Resource Balancing              ; On                 ; On                 ;
; Ignore translate_off and synthesis_off directives                ; Off                ; Off                ;
; Timing-Driven Synthesis                                          ; On                 ; On                 ;
; Report Parameter Settings                                        ; On                 ; On                 ;
; Report Source Assignments                                        ; On                 ; On                 ;
; Report Connectivity Checks                                       ; On                 ; On                 ;
; Ignore Maximum Fan-Out Assignments                               ; Off                ; Off                ;
; Synchronization Register Chain Length                            ; 2                  ; 2                  ;
; Power Optimization During Synthesis                              ; Normal compilation ; Normal compilation ;
; HDL message level                                                ; Level2             ; Level2             ;
; Suppress Register Optimization Related Messages                  ; Off                ; Off                ;
; Number of Removed Registers Reported in Synthesis Report         ; 5000               ; 5000               ;
; Number of Swept Nodes Reported in Synthesis Report               ; 5000               ; 5000               ;
; Number of Inverted Registers Reported in Synthesis Report        ; 100                ; 100                ;
; Clock MUX Protection                                             ; On                 ; On                 ;
; Auto Gated Clock Conversion                                      ; Off                ; Off                ;
; Block Design Naming                                              ; Auto               ; Auto               ;
; SDC constraint protection                                        ; Off                ; Off                ;
; Synthesis Effort                                                 ; Auto               ; Auto               ;
; Shift Register Replacement - Allow Asynchronous Clear Signal     ; On                 ; On                 ;
; Pre-Mapping Resynthesis Optimization                             ; Off                ; Off                ;
; Analysis & Synthesis Message Level                               ; Medium             ; Medium             ;
; Disable Register Merging Across Hierarchies                      ; Auto               ; Auto               ;
; Resource Aware Inference For Block RAM                           ; On                 ; On                 ;
+------------------------------------------------------------------+--------------------+--------------------+


+------------------------------------------+
; Parallel Compilation                     ;
+----------------------------+-------------+
; Processors                 ; Number      ;
+----------------------------+-------------+
; Number detected on machine ; 12          ;
; Maximum allowed            ; 12          ;
;                            ;             ;
; Average used               ; 1.00        ;
; Maximum used               ; 12          ;
;                            ;             ;
; Usage by Processor         ; % Time Used ;
;     Processor 1            ; 100.0%      ;
;     Processors 2-12        ;   0.0%      ;
+----------------------------+-------------+


+-----------------------------------------------------------------------------------------------------------------------------------------------------------------------------------------------------------------------+
; Analysis & Synthesis Source Files Read                                                                                                                                                                                ;
+----------------------------------+-----------------+---------------------------------------------+----------------------------------------------------------------------------------------------------------+---------+
; File Name with User-Entered Path ; Used in Netlist ; File Type                                   ; File Name with Absolute Path                                                                             ; Library ;
+----------------------------------+-----------------+---------------------------------------------+----------------------------------------------------------------------------------------------------------+---------+
; fpga/disp7segs.v                 ; yes             ; User Verilog HDL File                       ; C:/Users/bdvth/OneDrive/Escritorio/Arquitectura_Practicas/monociclo_fpga/fpga/disp7segs.v                ;         ;
; monociclo.v                      ; yes             ; User Verilog HDL File                       ; C:/Users/bdvth/OneDrive/Escritorio/Arquitectura_Practicas/monociclo_fpga/monociclo.v                     ;         ;
; icache/icache.v                  ; yes             ; User Verilog HDL File                       ; C:/Users/bdvth/OneDrive/Escritorio/Arquitectura_Practicas/monociclo_fpga/icache/icache.v                 ;         ;
; monociclo_fpga.v                 ; yes             ; User Verilog HDL File                       ; C:/Users/bdvth/OneDrive/Escritorio/Arquitectura_Practicas/monociclo_fpga/monociclo_fpga.v                ;         ;
; icache/bubblesort_inst_5cv1.hex  ; yes             ; Auto-Found Hexadecimal (Intel-Format) File  ; C:/Users/bdvth/OneDrive/Escritorio/Arquitectura_Practicas/monociclo_fpga/icache/bubblesort_inst_5cv1.hex ;         ;
+----------------------------------+-----------------+---------------------------------------------+----------------------------------------------------------------------------------------------------------+---------+


+-----------------------------------------------------------------------------+
; Analysis & Synthesis Resource Usage Summary                                 ;
+---------------------------------------------+-------------------------------+
; Resource                                    ; Usage                         ;
+---------------------------------------------+-------------------------------+
; Estimated Total logic elements              ; 131                           ;
;                                             ;                               ;
; Total combinational functions               ; 131                           ;
; Logic element usage by number of LUT inputs ;                               ;
;     -- 4 input functions                    ; 94                            ;
;     -- 3 input functions                    ; 19                            ;
;     -- <=2 input functions                  ; 18                            ;
;                                             ;                               ;
; Logic elements by mode                      ;                               ;
;     -- normal mode                          ; 125                           ;
;     -- arithmetic mode                      ; 6                             ;
;                                             ;                               ;
; Total registers                             ; 8                             ;
;     -- Dedicated logic registers            ; 8                             ;
;     -- I/O registers                        ; 0                             ;
;                                             ;                               ;
; I/O pins                                    ; 58                            ;
;                                             ;                               ;
; Embedded Multiplier 9-bit elements          ; 0                             ;
;                                             ;                               ;
; Maximum fan-out node                        ; monociclo:monocilo_u0|pc_w[6] ;
; Maximum fan-out                             ; 42                            ;
; Total fan-out                               ; 601                           ;
; Average fan-out                             ; 2.36                          ;
+---------------------------------------------+-------------------------------+


+-------------------------------------------------------------------------------------------------------------------------------------------------------------------------------------------------------------------------------------------------+
; Analysis & Synthesis Resource Utilization by Entity                                                                                                                                                                                             ;
+----------------------------+---------------------+---------------------------+-------------+--------------+---------+-----------+------+--------------+---------------------------------------------------------+----------------+--------------+
; Compilation Hierarchy Node ; Combinational ALUTs ; Dedicated Logic Registers ; Memory Bits ; DSP Elements ; DSP 9x9 ; DSP 18x18 ; Pins ; Virtual Pins ; Full Hierarchy Name                                     ; Entity Name    ; Library Name ;
+----------------------------+---------------------+---------------------------+-------------+--------------+---------+-----------+------+--------------+---------------------------------------------------------+----------------+--------------+
; |monociclo_fpga            ; 131 (0)             ; 8 (0)                     ; 0           ; 0            ; 0       ; 0         ; 58   ; 0            ; |monociclo_fpga                                         ; monociclo_fpga ; work         ;
;    |disp7segs:disp_0|      ; 4 (4)               ; 0 (0)                     ; 0           ; 0            ; 0       ; 0         ; 0    ; 0            ; |monociclo_fpga|disp7segs:disp_0                        ; disp7segs      ; work         ;
;    |disp7segs:disp_1|      ; 9 (9)               ; 0 (0)                     ; 0           ; 0            ; 0       ; 0         ; 0    ; 0            ; |monociclo_fpga|disp7segs:disp_1                        ; disp7segs      ; work         ;
;    |disp7segs:disp_2|      ; 7 (7)               ; 0 (0)                     ; 0           ; 0            ; 0       ; 0         ; 0    ; 0            ; |monociclo_fpga|disp7segs:disp_2                        ; disp7segs      ; work         ;
;    |disp7segs:disp_3|      ; 8 (8)               ; 0 (0)                     ; 0           ; 0            ; 0       ; 0         ; 0    ; 0            ; |monociclo_fpga|disp7segs:disp_3                        ; disp7segs      ; work         ;
;    |disp7segs:disp_4|      ; 12 (12)             ; 0 (0)                     ; 0           ; 0            ; 0       ; 0         ; 0    ; 0            ; |monociclo_fpga|disp7segs:disp_4                        ; disp7segs      ; work         ;
;    |disp7segs:disp_5|      ; 9 (9)               ; 0 (0)                     ; 0           ; 0            ; 0       ; 0         ; 0    ; 0            ; |monociclo_fpga|disp7segs:disp_5                        ; disp7segs      ; work         ;
;    |disp7segs:disp_6|      ; 7 (7)               ; 0 (0)                     ; 0           ; 0            ; 0       ; 0         ; 0    ; 0            ; |monociclo_fpga|disp7segs:disp_6                        ; disp7segs      ; work         ;
;    |monociclo:monocilo_u0| ; 75 (8)              ; 8 (8)                     ; 0           ; 0            ; 0       ; 0         ; 0    ; 0            ; |monociclo_fpga|monociclo:monocilo_u0                   ; monociclo      ; work         ;
;       |ichache:icache_u0|  ; 67 (67)             ; 0 (0)                     ; 0           ; 0            ; 0       ; 0         ; 0    ; 0            ; |monociclo_fpga|monociclo:monocilo_u0|ichache:icache_u0 ; ichache        ; work         ;
+----------------------------+---------------------+---------------------------+-------------+--------------+---------+-----------+------+--------------+---------------------------------------------------------+----------------+--------------+
Note: For table entries with two numbers listed, the numbers in parentheses indicate the number of resources of the given type used by the specific entity alone. The numbers listed outside of parentheses indicate the total resources of the given type used by the specific entity and all of its sub-entities in the hierarchy.


+-------------------------------------------------------------+
; Registers Removed During Synthesis                          ;
+----------------------------------------+--------------------+
; Register name                          ; Reason for Removal ;
+----------------------------------------+--------------------+
; monociclo:monocilo_u0|pc_w[10..31]     ; Lost fanout        ;
; Total Number of Removed Registers = 22 ;                    ;
+----------------------------------------+--------------------+


+------------------------------------------------------+
; General Register Statistics                          ;
+----------------------------------------------+-------+
; Statistic                                    ; Value ;
+----------------------------------------------+-------+
; Total registers                              ; 8     ;
; Number of registers using Synchronous Clear  ; 0     ;
; Number of registers using Synchronous Load   ; 0     ;
; Number of registers using Asynchronous Clear ; 8     ;
; Number of registers using Asynchronous Load  ; 0     ;
; Number of registers using Clock Enable       ; 0     ;
; Number of registers using Preset             ; 0     ;
+----------------------------------------------+-------+


+-----------------------------------------------------+
; Post-Synthesis Netlist Statistics for Top Partition ;
+-----------------------+-----------------------------+
; Type                  ; Count                       ;
+-----------------------+-----------------------------+
; boundary_port         ; 58                          ;
; cycloneiii_ff         ; 8                           ;
;     CLR               ; 8                           ;
; cycloneiii_lcell_comb ; 140                         ;
;     arith             ; 6                           ;
;         2 data inputs ; 5                           ;
;         3 data inputs ; 1                           ;
;     normal            ; 134                         ;
;         0 data inputs ; 1                           ;
;         1 data inputs ; 10                          ;
;         2 data inputs ; 11                          ;
;         3 data inputs ; 18                          ;
;         4 data inputs ; 94                          ;
;                       ;                             ;
; Max LUT depth         ; 5.00                        ;
; Average LUT depth     ; 3.32                        ;
+-----------------------+-----------------------------+


+-------------------------------+
; Elapsed Time Per Partition    ;
+----------------+--------------+
; Partition Name ; Elapsed Time ;
+----------------+--------------+
; Top            ; 00:00:01     ;
+----------------+--------------+


+-------------------------------+
; Analysis & Synthesis Messages ;
+-------------------------------+
Info: *******************************************************************
Info: Running Quartus Prime Analysis & Synthesis
    Info: Version 20.1.1 Build 720 11/11/2020 SJ Lite Edition
    Info: Processing started: Thu Oct 19 00:47:00 2023
Info: Command: quartus_map --read_settings_files=on --write_settings_files=off monociclo -c monociclo
Warning (18236): Number of processors has not been specified which may cause overloading on shared machines.  Set the global assignment NUM_PARALLEL_PROCESSORS in your QSF to an appropriate value for best performance.
Info (20030): Parallel compilation is enabled and will use 12 of the 12 processors detected
Info (12021): Found 1 design units, including 1 entities, in source file fpga/disp7segs.v
    Info (12023): Found entity 1: disp7segs File: C:/Users/bdvth/OneDrive/Escritorio/Arquitectura_Practicas/monociclo_fpga/fpga/disp7segs.v Line: 1
Info (12021): Found 1 design units, including 1 entities, in source file fpga/alu_fpga.v
    Info (12023): Found entity 1: alu_fpga File: C:/Users/bdvth/OneDrive/Escritorio/Arquitectura_Practicas/monociclo_fpga/fpga/alu_fpga.v Line: 1
Info (12021): Found 1 design units, including 1 entities, in source file monociclo.v
    Info (12023): Found entity 1: monociclo File: C:/Users/bdvth/OneDrive/Escritorio/Arquitectura_Practicas/monociclo_fpga/monociclo.v Line: 1
Info (12021): Found 1 design units, including 1 entities, in source file icache/icache.v
    Info (12023): Found entity 1: ichache File: C:/Users/bdvth/OneDrive/Escritorio/Arquitectura_Practicas/monociclo_fpga/icache/icache.v Line: 1
Info (12021): Found 1 design units, including 1 entities, in source file monociclo_fpga.v
    Info (12023): Found entity 1: monociclo_fpga File: C:/Users/bdvth/OneDrive/Escritorio/Arquitectura_Practicas/monociclo_fpga/monociclo_fpga.v Line: 1
Info (12127): Elaborating entity "monociclo_fpga" for the top level hierarchy
Info (12128): Elaborating entity "monociclo" for hierarchy "monociclo:monocilo_u0" File: C:/Users/bdvth/OneDrive/Escritorio/Arquitectura_Practicas/monociclo_fpga/monociclo_fpga.v Line: 24
Info (12128): Elaborating entity "ichache" for hierarchy "monociclo:monocilo_u0|ichache:icache_u0" File: C:/Users/bdvth/OneDrive/Escritorio/Arquitectura_Practicas/monociclo_fpga/monociclo.v Line: 35
Warning (10850): Verilog HDL warning at icache.v(12): number of words (30) in memory file does not match the number of elements in the address range [0:255] File: C:/Users/bdvth/OneDrive/Escritorio/Arquitectura_Practicas/monociclo_fpga/icache/icache.v Line: 12
Warning (10030): Net "memory.data_a" at icache.v(8) has no driver or initial value, using a default initial value '0' File: C:/Users/bdvth/OneDrive/Escritorio/Arquitectura_Practicas/monociclo_fpga/icache/icache.v Line: 8
Warning (10030): Net "memory.waddr_a" at icache.v(8) has no driver or initial value, using a default initial value '0' File: C:/Users/bdvth/OneDrive/Escritorio/Arquitectura_Practicas/monociclo_fpga/icache/icache.v Line: 8
Warning (10030): Net "memory.we_a" at icache.v(8) has no driver or initial value, using a default initial value '0' File: C:/Users/bdvth/OneDrive/Escritorio/Arquitectura_Practicas/monociclo_fpga/icache/icache.v Line: 8
Info (12128): Elaborating entity "disp7segs" for hierarchy "disp7segs:disp_0" File: C:/Users/bdvth/OneDrive/Escritorio/Arquitectura_Practicas/monociclo_fpga/monociclo_fpga.v Line: 33
Warning (127007): Memory Initialization File or Hexadecimal (Intel-Format) File "C:/Users/bdvth/OneDrive/Escritorio/Arquitectura_Practicas/monociclo_fpga/db/monociclo.ram0_ichache_f5c6e3f2.hdl.mif" contains "don't care" values -- overwriting them with 0s
Warning (13024): Output pins are stuck at VCC or GND
    Warning (13410): Pin "disp0[0]" is stuck at GND File: C:/Users/bdvth/OneDrive/Escritorio/Arquitectura_Practicas/monociclo_fpga/monociclo_fpga.v Line: 5
    Warning (13410): Pin "disp7[0]" is stuck at GND File: C:/Users/bdvth/OneDrive/Escritorio/Arquitectura_Practicas/monociclo_fpga/monociclo_fpga.v Line: 14
    Warning (13410): Pin "disp7[4]" is stuck at GND File: C:/Users/bdvth/OneDrive/Escritorio/Arquitectura_Practicas/monociclo_fpga/monociclo_fpga.v Line: 14
    Warning (13410): Pin "disp7[5]" is stuck at GND File: C:/Users/bdvth/OneDrive/Escritorio/Arquitectura_Practicas/monociclo_fpga/monociclo_fpga.v Line: 14
Info (286030): Timing-Driven Synthesis is running
Info (17049): 22 registers lost all their fanouts during netlist optimizations.
Info (16010): Generating hard_block partition "hard_block:auto_generated_inst"
    Info (16011): Adding 0 node(s), including 0 DDIO, 0 PLL, 0 transceiver and 0 LCELL
Info (21057): Implemented 189 device resources after synthesis - the final resource count might be different
    Info (21058): Implemented 2 input pins
    Info (21059): Implemented 56 output pins
    Info (21061): Implemented 131 logic cells
Info: Quartus Prime Analysis & Synthesis was successful. 0 errors, 11 warnings
    Info: Peak virtual memory: 4811 megabytes
    Info: Processing ended: Thu Oct 19 00:47:16 2023
    Info: Elapsed time: 00:00:16
    Info: Total CPU time (on all processors): 00:00:08


